1737411446 23.78
1737411447 26.61
1737411448 26.43
1737411449 24.67
1737411450 25.97
1737411451 21.9
1737411452 22.42
1737411453 23.63
1737411454 27.11
1737411455 25.14
1737411456 20.68
1737411457 22.34
1737411458 29.43
1737411459 24.3
1737411460 26.49
1737411461 26.02
1737411462 21.23
1737411463 27.28
1737411464 23.23
1737411465 20.28
1737411466 29.17
1737411467 20.56
1737411468 28.9
1737411470 28.72
1737411471 21.05
1737411472 21.95
1737411473 21.85
1737411474 26.04
1737411475 28.14
1737411476 20.54
1737411477 22.25
1737411478 26.88
1737411479 23.63
1737411480 27.13
1737411481 27.4
1737411482 29.05
1737411483 26.83
1737411484 20.09
1737411485 23.17
1737411486 29.16
1737411487 26.6
1737411488 27.78
1737411489 20.62
1737411490 23.1
1737411491 28.37
1737411492 23.57
1737411493 22.02
1737411494 28.66
1737411495 28.22
1737411496 24.87
1737411497 26.12
1737411498 20.42
1737411499 29.8
1737411500 20.66
1737411501 24.23
1737411502 24.89
1737411503 28.45
1737411504 25.12
1737411505 24.32
1737411506 25.37
1737411507 25.2
1737411508 20.12
1737411509 21.21
1737411510 26.73
1737411511 26.41
1737411512 21.24
1737411513 25.04
1737411514 27.37
1737411515 23.56
1737411516 28.52
1737411517 28.95
1737411518 29.28
1737411519 25.6
1737411520 24.36
1737411521 29.72
1737411522 20.3
1737411523 27.66
1737411524 28.94
1737411525 23.16
1737411526 28.06
1737411527 24.82
1737411528 23.84
1737411529 26.28
1737411530 23.58
1737411531 25.37
1737411532 23.93
1737411533 24.48
1737411534 27.78
1737411535 24.59
1737411536 23.21
1737411537 23.19
1737411538 24.21
1737411539 27.4
1737411540 20.09
1737411541 26.23
1737411542 29.14
1737411543 28.45
1737411544 27.26
1737411545 26.29
1737411546 22.11
1737411547 24.4
1737411548 24.4
1737411549 23.12
1737411550 23.51
1737411551 20.52
1737411552 24.56
1737411553 20.15
1737411554 20.97
1737411555 23.49
1737411556 29.93
1737411557 28.63
1737411558 24.63
1737411559 27.12
1737411560 27.17
1737411561 26.01
1737411562 28.64
1737411563 21.17
1737411564 28.75
1737411565 28.68
1737411566 20.57
1737411567 20.22
1737411568 29.76
1737411569 22.87
1737411570 27.54
1737411571 23.35
1737411572 25.01
1737411573 27.86
1737411574 21.32
1737411575 20.95
1737411576 20.47
1737411577 24.93
1737411578 20.86
1737411579 29.34
1737411580 25
1737411581 27.36
1737411582 25.69
1737411583 23.35
1737411584 25
1737411585 21.57
1737411586 25.68
1737411587 20.72
1737411588 26.14
1737411589 23.15
1737411590 20.76
1737411592 29.11
1737411593 24.78
1737411594 20.53
1737411595 23.35
1737411596 21.2
1737411597 26.67
1737411598 28.83
1737411599 28.47
1737411600 23.24
1737411601 24.53
1737411602 22.94
1737411603 26.86
1737411604 28.84
1737411605 20.22
1737411606 22.65
1737411607 28.55
1737411608 23.02
1737411609 25.44
1737411610 21.51
1737411611 28.51
1737411612 29.43
1737411613 26.08
1737411614 21.68
1737411615 27.74
1737411616 23.3
1737411617 21.62
1737411618 25.84
1737411619 23.87
1737411620 25.28
1737411621 25.66
1737411622 27.45
1737411623 29.27
1737411624 25.04
1737411625 25.85
1737411626 26.47
1737411627 23.64
1737411628 26.57
1737411629 27.66
1737411630 22.92
1737411631 29.4
1737411632 27.18
1737411633 29.58
1737411634 29.82
1737411635 24.18
1737411636 26.01
1737411637 28.86
1737411638 20.14
1737411639 23.47
1737411640 24.03
1737411641 28.33
1737411642 24.11
1737411643 20.42
1737411644 27.46
1737411645 28.85
1737411646 27.42
1737411647 25.89
1737411648 22.84
1737411649 27.3
1737411650 23.9
1737411651 28.5
1737411652 27.88
1737411653 24.32
1737411654 20.55
1737411655 22.62
1737411656 29.39
1737411657 23.52
1737411658 20.31
1737411659 24.31
1737411660 21.76
1737411661 26.46
1737411662 24.97
1737411663 28.64
1737411664 20.43
1737411665 25.57
1737411666 22.06
1737411667 21.09
1737411668 25.74
1737411669 29.48
1737411670 21.2
1737411671 20.72
1737411672 21.25
1737411673 29.92
1737411674 25.28
1737411675 23.15
1737411676 20.32
1737411677 22.26
1737411678 25.87
1737411679 24.47
1737411680 21.66
1737411681 21.14
1737411682 21.93
1737411683 21.41
1737411684 22.6
1737411685 28.76
1737411686 24.47
1737411687 22.98
1737411688 24.55
1737411689 20.9
1737411690 20.69
1737411691 24.4
1737411692 20.7
1737411693 21.62
1737411694 29.61
1737411695 26.51
1737411696 27
1737411697 20.82
1737411698 20.37
1737411699 29.69
1737411700 28.36
1737411701 29.13
1737411702 29.67
1737411703 23.02
1737411704 26.85
1737411705 22.63
1737411706 22.08
1737411707 22.14
1737411708 23.6
1737411709 23.76
1737411710 27.36
1737411711 29.8
1737411712 22.72
1737411713 24.6
1737411714 25.2
1737411715 27.95
1737411716 25.3
1737411717 21.07
1737411718 20.23
1737411719 25.23
1737411720 20.12
1737411721 25.04
1737411722 28.41
1737411723 28.07
1737411724 28.35
1737411725 24.11
1737411727 29.8
1737411728 25.32
1737411729 23.44
1737411730 29.87
1737411731 29.97
1737411732 20.92
1737411733 27.55
1737411734 24.92
1737411735 23.07
1737411736 29.72
1737411737 20.9
1737411738 20.45
1737411739 29.06
1737411740 21.71
1737411741 29.31
1737411742 26.21
1737411743 28.19
1737411744 27.88
1737411745 23.85
1737411746 28.4
1737411747 26.5
1737411748 27.01
1737411749 20.52
1737411750 26.44
1737411751 24.17
1737411752 21.61
1737411753 29
1737411754 24.57
1737411755 28.75
1737411756 29.07
1737411757 21.42
1737411758 21.04
1737411759 22.18
1737411760 20.12
1737411761 26.56
1737411762 26.58
1737411763 23.57
1737411764 29.27
1737411765 28.74
1737411766 22.45
1737411767 29.56
1737411768 25.95
1737411769 26.05
1737411770 22.03
1737411771 29.9
1737411772 24.33
1737411773 26.57
1737411774 22.59
1737411775 22.3
1737411776 20.46
1737411777 20.81
1737411778 27.16
1737411779 25.45
1737411780 26.35
1737411781 22.26
1737411782 20.15
1737411783 26.27
1737411784 29.4
1737411785 26.61
1737411786 22.77
1737411787 29.15
1737411788 27.01
1737411789 28.4
1737411790 21.93
1737411791 24.04
1737411792 28.67
1737411793 25.71
1737411794 29.42
1737411795 23.01
1737411796 25.78
1737411797 26.81
1737411798 27.4
1737411799 23.31
1737411800 23.47
1737411801 28.22
1737411802 27.59
1737411803 28.12
1737411804 21.37
1737411805 22.49
1737411806 29.69
1737411807 20.32
1737411808 28.28
1737411809 24.26
1737411810 27.86
1737411811 23.8
1737411812 24.93
1737411813 23.25
1737411814 21.33
1737411815 24.87
1737411816 25.55
1737411817 20.95
1737411818 24.52
1737411819 29.21
1737411820 27.33
1737411821 21.12
1737411822 22.46
1737411823 20.96
1737411824 23.05
1737411825 25.86
1737411826 20.8
1737411827 22.28
1737411828 27.33
1737411829 20.02
1737411830 23.94
1737411831 29.1
1737411832 24.44
1737411833 25.16
1737411834 24.36
1737411835 21.73
1737411836 23.07
1737411837 26.67
1737411838 26.72
1737411839 20.49
1737411840 22.44
1737411841 28.09
1737411842 21.37
1737411843 20.83
1737411844 25.23
1737411845 22.6
1737411846 21.49
1737411847 28.92
1737411848 22.07
1737411849 25.63
1737411850 21.67
1737411851 23.01
1737411852 29.71
1737411853 23.19
1737411854 26.08
1737411855 22.23
1737411856 25.74
1737411857 26.85
1737411858 27.75
1737411859 22.92
1737411860 24.31
1737411861 20.66
1737411862 23.98
1737411864 25.42
1737411864 28.37
1737411866 23.28
1737411867 21.11
1737411868 28.55
1737411869 23.19
1737411870 22.09
1737411871 25.99
1737411872 20.08
1737411873 26.79
1737411874 23.45
1737411875 27.86
1737411876 27.26
1737411877 28.6
1737411878 25.85
1737411879 22.95
1737411880 21.06
1737411881 28.32
1737411882 21.44
1737411883 25.33
1737411884 26.79
1737411885 21.99
1737411886 27.65
1737411887 23.98
1737411888 24.73
1737411889 28.89
1737411890 24.11
1737411891 28.91
1737411892 25.57
1737411893 29.06
1737411894 20.52
1737411895 20.24
1737411896 21.39
1737411897 22.16
1737411898 26.17
1737411899 23.62
1737411900 20.91
1737411901 29
1737411902 23.44
1737411903 28.3
1737411904 29.35
1737411905 21.81
1737411906 27.04
1737411907 24.43
1737411908 21.33
1737411909 22.25
1737411910 27.93
1737411911 23.47
1737411912 24.57
1737411913 26.38
1737411914 22.47
1737411915 20.54
1737411916 28.96
1737411917 28.56
1737411918 23.21
1737411919 21.2
1737411920 29.75
1737411921 22.04
1737411922 27.96
1737411923 22.2
1737411924 20.69
1737411925 26.68
1737411926 24.7
1737411927 23.21
1737411928 26.78
1737411929 22.35
1737411930 25.36
1737411931 21.56
1737411932 25.62
1737411933 24.36
1737411934 24.19
1737411935 22.22
1737411936 29.17
1737411937 23.74
1737411938 25.82
1737411939 27.51
1737411940 23.44
1737411941 29.95
1737411942 24.86
1737411943 21.62
1737411944 28.72
1737411945 22.65
1737411946 27.68
1737411947 26.99
1737411948 20.06
1737411949 25.04
1737411950 28.03
1737411951 29.83
1737411952 28.47
1737411953 29.73
1737411954 28.98
1737411955 24.83
1737411956 20.93
1737411957 28.86
1737411958 27.76
1737411959 26.48
1737411960 20.37
1737411961 23.59
1737411962 24.92
1737411963 24.61
1737411964 26.98
1737411965 23.57
1737411966 29.52
1737411967 24.05
1737411968 29.46
1737411969 25.45
1737411970 21.64
1737411971 22.75
1737411972 20.79
1737411973 21.27
1737411974 24.4
1737411975 21.39
1737411976 23.45
1737411977 29.28
1737411978 21.62
1737411979 21.31
1737411980 27.47
1737411981 25.17
1737411982 26.69
1737411983 25.78
1737411984 21.15
1737411985 29.25
1737411986 20.99
1737411987 20.95
1737411988 23.41
1737411989 28.48
1737411990 22.99
1737411991 24.45
1737411992 28.58
1737411993 27.16
1737411994 29.18
1737411995 28.7
1737411997 20.77
1737411998 20.56
1737411999 23.35
1737412000 26.3
1737412001 25.42
1737412002 25.6
1737412003 21.94
1737412004 22.81
1737412005 20.43
1737412006 24.72
1737412007 23.03
1737412008 24.55
1737412009 24.68
1737412010 27.4
1737412011 28.38
1737412012 21.74
1737412013 23.73
1737412014 26.96
