[MAIN] Start: PID=3512, time=2025-01-21 09:36:13.784 (MASTER)
[MASTER] 2025-01-21 09:36:14.805, PID=3512, counter=3
[USER] Установлен счётчик=10 PID=3512, time=2025-01-21 09:36:15.485
[MASTER] 2025-01-21 09:36:15.812, PID=3512, counter=11
[MASTER] 2025-01-21 09:36:16.815, PID=3512, counter=14
[MASTER] Запущены копии #1 и #2.
[COPY1] Start, PID=11740, time=2025-01-21 09:36:16.827
[COPY1] End,   PID=11740, time=2025-01-21 09:36:16.828, counter=10
[COPY2] Start, PID=18408, time=2025-01-21 09:36:16.831
[USER] Установлен счётчик=100 PID=3512, time=2025-01-21 09:36:17.281
[MASTER] 2025-01-21 09:36:17.834, PID=3512, counter=101
[MASTER] 2025-01-21 09:36:18.842, PID=3512, counter=105
[COPY2] End,   PID=18408, time=2025-01-21 09:36:18.842, counter=0
[USER] Установлен счётчик=55 PID=3512, time=2025-01-21 09:36:19.051
[MASTER] 2025-01-21 09:36:19.842, PID=3512, counter=58
[MASTER] Запущены копии #1 и #2.
[COPY1] Start, PID=3304, time=2025-01-21 09:36:19.851
[COPY1] End,   PID=3304, time=2025-01-21 09:36:19.851, counter=10
[COPY2] Start, PID=20012, time=2025-01-21 09:36:19.854
[MASTER] 2025-01-21 09:36:20.843, PID=3512, counter=61
[MASTER] 2025-01-21 09:36:21.847, PID=3512, counter=64
[COPY2] End,   PID=20012, time=2025-01-21 09:36:21.862, counter=0
[MAIN] End: PID=3512, time=2025-01-21 09:36:22.723 (MASTER)
